[35m[Appium][39m Welcome to Appium v1.8.1
[35m[Appium][39m Non-default server args:
[35m[Appium][39m   port: 58730
[35m[Appium][39m   loglevel: info
[35m[Appium][39m   chromeDriverPort: 58731
[35m[Appium][39m   tmpDir: C:\Users\denni\AppData\Local\Temp\\Katalon\Appium\Temp1558910182256
[35m[Appium][39m Appium REST http interface listener started on 0.0.0.0:58730
[35m[HTTP][39m [37m-->[39m [37mGET[39m [37m/wd/hub/status[39m
[35m[HTTP][39m [90m{}[39m
[35m[HTTP][39m [37m<-- GET /wd/hub/status [39m[32m200[39m [90m11 ms - 83[39m
[35m[HTTP][39m [90m[39m
[35m[HTTP][39m [37m-->[39m [37mGET[39m [37m/wd/hub/status[39m
[35m[HTTP][39m [90m{}[39m
[35m[HTTP][39m [37m<-- GET /wd/hub/status [39m[32m200[39m [90m3 ms - 83[39m
[35m[HTTP][39m [90m[39m
[35m[HTTP][39m [37m-->[39m [37mPOST[39m [37m/wd/hub/session[39m
[35m[HTTP][39m [90m{"desiredCapabilities":{"app":"C:\\Users\\denni\\git\\SafeBoda-Automation-Framework\\Apks\\app-passenger.apk","appWaitActivity":"*","autoGrantPermissions":true,"deviceId":"2c0a967c","deviceName":"OPPO A37f (Android 5.1.1)","fullReset":false,"newCommandTimeout":1800,"noReset":true,"platform":"ANDROID","platformName":"Android","udid":"2c0a967c"},"capabilities":{"desiredCapabilities":{"app":"C:\\Users\\denni\\git\\SafeBoda-Automation-Framework\\Apks\\app-passenger.apk","appWaitActivity":"*","autoGrantPermissions":true,"deviceId":"2c0a967c","deviceName":"OPPO A37f (Android 5.1.1)","fullReset":false,"newCommandTimeout":1800,"noReset":true,"platform":"ANDROID","platformName":"Android","udid":"2c0a967c"},"firstMatch":[{"platformName":"android"}]}}[39m
[35m[Appium][39m Could not parse W3C capabilities: 'deviceName' can't be blank. Falling back to JSONWP protocol.
[35m[Appium][39m The following capabilities were provided in the JSONWP desired capabilities that are missing in W3C capabilities: ["app","appWaitActivity","autoGrantPermissions","deviceId","deviceName","fullReset","newCommandTimeout","noReset","platform","platformName","udid"]. Falling back to JSONWP protocol.
[35m[Appium][39m Creating new AndroidDriver (v2.7.0) session
[35m[Appium][39m Capabilities:
[35m[Appium][39m   app: C:\Users\denni\git\SafeBoda-Automation-Framework\Apks\app-passenger.apk
[35m[Appium][39m   appWaitActivity: *
[35m[Appium][39m   autoGrantPermissions: true
[35m[Appium][39m   deviceId: 2c0a967c
[35m[Appium][39m   deviceName: OPPO A37f (Android 5.1.1)
[35m[Appium][39m   fullReset: false
[35m[Appium][39m   newCommandTimeout: 1800
[35m[Appium][39m   noReset: true
[35m[Appium][39m   platform: ANDROID
[35m[Appium][39m   platformName: Android
[35m[Appium][39m   udid: 2c0a967c
[35m[BaseDriver][39m The following capabilities were provided, but are not recognized by appium: deviceId, platform.
[35m[BaseDriver][39m Session created with session id: a4b8b434-4e64-41bc-a1f1-f2c84b8270a1
[35m[AndroidDriver][39m Java version is: 1.8.0_181
[35m[ADB][39m Checking whether adb is present
[35m[ADB][39m Found 1 'build-tools' folders under 'C:\Users\denni\.katalon\tools\android_sdk' (newest first):
[35m[ADB][39m     C:/Users/denni/.katalon/tools/android_sdk/build-tools/28.0.3
[35m[ADB][39m Using adb.exe from C:\Users\denni\.katalon\tools\android_sdk\platform-tools\adb.exe
[35m[AndroidDriver][39m Retrieving device list
[35m[AndroidDriver][39m Using device: 2c0a967c
[35m[BaseDriver][39m Using local app 'C:\Users\denni\git\SafeBoda-Automation-Framework\Apks\app-passenger.apk'
[35m[AndroidDriver][39m Starting Android session
[35m[ADB][39m Checking whether aapt is present
[35m[ADB][39m Using aapt.exe from C:\Users\denni\.katalon\tools\android_sdk\build-tools\28.0.3\aapt.exe
[35m[AndroidDriver][39m setDeviceLanguageCountry requires language or country.
[35m[AndroidDriver][39m Got language: 'null' and country: 'null'
[35m[ADB][39m Getting device platform version
[35m[ADB][39m Using the alternative activity name detection method because of: Could not find apkanalyzer.bat in C:\Users\denni\.katalon\tools\android_sdk\platform-tools\apkanalyzer.bat,C:\Users\denni\.katalon\tools\android_sdk\emulator\apkanalyzer.bat,C:\Users\denni\.katalon\tools\android_sdk\tools\apkanalyzer.bat,C:\Users\denni\.katalon\tools\android_sdk\tools\bin\apkanalyzer.bat,C:\Users\denni\.katalon\tools\android_sdk\build-tools\28.0.3\apkanalyzer.bat. Do you have the Android SDK installed at 'C:\Users\denni\.katalon\tools\android_sdk'?
[35m[ADB][39m Extracting package and launch activity from manifest
[35m[ADB][39m Package name: 'com.safeboda.passenger'
[35m[ADB][39m Main activity name: 'com.safeboda.passenger.start.StartActivity'
[35m[ADB][39m Successfully extracted 678 strings from 'C:\Users\denni\git\SafeBoda-Automation-Framework\Apks\app-passenger.apk' resources for '(default)' configuration
[35m[ADB][39m Cannot kill process 17551 in 1000 ms. Trying to force kill...
[35m[AndroidBootstrap][39m Android bootstrap socket is now connected
[35m[AndroidDriver][39m Screen already unlocked, doing nothing
[35m[Appium][39m New AndroidDriver session created successfully, session a4b8b434-4e64-41bc-a1f1-f2c84b8270a1 added to master session list
[35m[HTTP][39m [37m<-- POST /wd/hub/session [39m[32m200[39m [90m8928 ms - 1153[39m
[35m[HTTP][39m [90m[39m
[35m[HTTP][39m [37m-->[39m [37mGET[39m [37m/wd/hub/status[39m
[35m[HTTP][39m [90m{}[39m
[35m[HTTP][39m [37m<-- GET /wd/hub/status [39m[32m200[39m [90m3 ms - 55[39m
[35m[HTTP][39m [90m[39m
[35m[HTTP][39m [37m-->[39m [37mPOST[39m [37m/wd/hub/session/a4b8b434-4e64-41bc-a1f1-f2c84b8270a1/timeouts[39m
[35m[HTTP][39m [90m{"type":"implicit","ms":60000}[39m
[35m[HTTP][39m [37m<-- POST /wd/hub/session/a4b8b434-4e64-41bc-a1f1-f2c84b8270a1/timeouts [39m[33m400[39m [90m11 ms - 5204[39m
[35m[HTTP][39m [90m[39m
[35m[HTTP][39m [37m-->[39m [37mGET[39m [37m/wd/hub/session/a4b8b434-4e64-41bc-a1f1-f2c84b8270a1/source[39m
[35m[HTTP][39m [90m{}[39m
[35m[HTTP][39m [37m<-- GET /wd/hub/session/a4b8b434-4e64-41bc-a1f1-f2c84b8270a1/source [39m[32m200[39m [90m1039 ms - 4031[39m
[35m[HTTP][39m [90m[39m
[35m[HTTP][39m [37m-->[39m [37mGET[39m [37m/wd/hub/session/a4b8b434-4e64-41bc-a1f1-f2c84b8270a1/screenshot[39m
[35m[HTTP][39m [90m{}[39m
[35m[HTTP][39m [37m<-- GET /wd/hub/session/a4b8b434-4e64-41bc-a1f1-f2c84b8270a1/screenshot [39m[32m200[39m [90m811 ms - 32910[39m
[35m[HTTP][39m [90m[39m
[35m[HTTP][39m [37m-->[39m [37mGET[39m [37m/wd/hub/session/a4b8b434-4e64-41bc-a1f1-f2c84b8270a1/source[39m
[35m[HTTP][39m [90m{}[39m
[35m[HTTP][39m [37m<-- GET /wd/hub/session/a4b8b434-4e64-41bc-a1f1-f2c84b8270a1/source [39m[32m200[39m [90m121 ms - 23511[39m
[35m[HTTP][39m [90m[39m
[35m[HTTP][39m [37m-->[39m [37mGET[39m [37m/wd/hub/session/a4b8b434-4e64-41bc-a1f1-f2c84b8270a1/screenshot[39m
[35m[HTTP][39m [90m{}[39m
[35m[HTTP][39m [37m<-- GET /wd/hub/session/a4b8b434-4e64-41bc-a1f1-f2c84b8270a1/screenshot [39m[32m200[39m [90m1068 ms - 390566[39m
[35m[HTTP][39m [90m[39m
[35m[HTTP][39m [37m-->[39m [37mDELETE[39m [37m/wd/hub/session/a4b8b434-4e64-41bc-a1f1-f2c84b8270a1[39m
[35m[HTTP][39m [90m{}[39m
[35m[Appium][39m Removing session a4b8b434-4e64-41bc-a1f1-f2c84b8270a1 from our master session list
[35m[ADB][39m No uiautomator process found to kill, continuing...
[35m[HTTP][39m [37m<-- DELETE /wd/hub/session/a4b8b434-4e64-41bc-a1f1-f2c84b8270a1 [39m[32m200[39m [90m2493 ms - 76[39m
[35m[HTTP][39m [90m[39m
